mode: set
github.com/emejotaw/product-api/internal/infra/database/sqlite/sqlite_product_repository.go:12.59,16.2 1 1
github.com/emejotaw/product-api/internal/infra/database/sqlite/sqlite_product_repository.go:18.67,20.2 1 1
github.com/emejotaw/product-api/internal/infra/database/sqlite/sqlite_product_repository.go:22.93,29.2 3 1
github.com/emejotaw/product-api/internal/infra/database/sqlite/sqlite_product_repository.go:31.74,36.2 3 1
github.com/emejotaw/product-api/internal/infra/database/sqlite/sqlite_product_repository.go:38.67,42.16 2 1
github.com/emejotaw/product-api/internal/infra/database/sqlite/sqlite_product_repository.go:42.16,44.3 1 1
github.com/emejotaw/product-api/internal/infra/database/sqlite/sqlite_product_repository.go:46.2,46.33 1 1
github.com/emejotaw/product-api/internal/infra/database/sqlite/sqlite_product_repository.go:49.53,53.16 2 1
github.com/emejotaw/product-api/internal/infra/database/sqlite/sqlite_product_repository.go:53.16,55.3 1 1
github.com/emejotaw/product-api/internal/infra/database/sqlite/sqlite_product_repository.go:57.2,57.35 1 1
github.com/emejotaw/product-api/internal/infra/database/sqlite/sqlite_user_repository.go:12.33,16.2 1 1
github.com/emejotaw/product-api/internal/infra/database/sqlite/sqlite_user_repository.go:18.48,21.2 1 1
github.com/emejotaw/product-api/internal/infra/database/sqlite/sqlite_user_repository.go:23.64,28.2 3 1
github.com/emejotaw/product-api/internal/entity/product.go:23.63,34.16 3 1
github.com/emejotaw/product-api/internal/entity/product.go:34.16,36.3 1 1
github.com/emejotaw/product-api/internal/entity/product.go:38.2,38.21 1 1
github.com/emejotaw/product-api/internal/entity/product.go:41.36,43.18 1 1
github.com/emejotaw/product-api/internal/entity/product.go:43.18,45.3 1 1
github.com/emejotaw/product-api/internal/entity/product.go:47.2,47.18 1 1
github.com/emejotaw/product-api/internal/entity/product.go:47.18,49.3 1 1
github.com/emejotaw/product-api/internal/entity/product.go:51.2,51.17 1 1
github.com/emejotaw/product-api/internal/entity/product.go:51.17,53.3 1 1
github.com/emejotaw/product-api/internal/entity/product.go:55.2,55.12 1 1
github.com/emejotaw/product-api/internal/entity/user.go:15.55,19.16 2 1
github.com/emejotaw/product-api/internal/entity/user.go:19.16,21.3 1 0
github.com/emejotaw/product-api/internal/entity/user.go:23.2,29.8 1 1
github.com/emejotaw/product-api/internal/entity/user.go:32.55,35.2 2 1
